#Frequência (Em Heartz)	15
#Estação Biométrica
#Coleta de dados iniciado em: 2015-03-13 16:27:04
#Protocolo usado: a primeira coluna é a medida do primeiro termistor e a segunda do segundo.
429	447
439	452
438	430
429	427
431	416
429	445
453	431
446	432
445	443
438	442
447	448
433	446
434	428
444	448
445	433
440	442
444	444
458	427
446	460
447	460
446	471
446	456
442	466
447	440
445	441
443	440
442	455
447	455
445	446
448	430
450	468
442	455
450	455
453	459
445	453
452	455
454	464
449	446
449	464
439	457
445	455
442	472
450	445
452	452
448	462
448	445
454	449
448	464
458	449
453	453
447	464
451	471
455	454
455	459
447	455
457	473
453	484
454	435
450	460
447	451
450	457
449	476
449	485
455	449
447	453
440	449
441	452
449	448
448	482
441	442
439	440
445	428
445	444
444	442
445	442
442	422
434	456
445	432
440	441
437	453
440	443
438	454
441	425
438	408
437	440
438	440
438	425
437	431
439	448
436	430
432	435
436	434
439	429
430	404
438	440
435	430
429	426
432	428
422	423
437	418
435	410
437	427
427	421
429	422
435	413
428	434
428	424
432	417
434	464
426	427
426	427
435	417
429	421
432	419
427	417
421	427
425	416
429	418
426	422
418	419
420	419
415	430
412	418
427	418
425	457
426	416
420	427
430	444
435	447
435	442
436	451
431	441
443	441
442	428
436	457
434	457
433	434
440	453
446	444
437	458
438	471
434	452
437	450
443	446
451	445
440	454
440	469
444	446
440	465
435	463
445	438
445	480
442	462
445	465
439	414
441	466
440	482
443	456
444	469
446	472
431	461
446	471
448	450
447	464
451	439
450	450
451	464
442	483
445	483
444	456
444	439
449	468
443	470
451	458
446	452
447	461
449	469
449	469
450	467
456	469
443	467
455	483
442	475
445	482
445	491
448	456
444	478
435	450
446	445
443	461
444	459
434	444
444	448
444	465
444	459
452	440
449	449
439	447
451	437
431	450
438	449
438	457
444	464
440	440
429	441
430	445
434	429
434	430
431	440
433	439
432	432
439	443
439	446
441	442
443	446
432	434
423	436
432	433
438	432
432	428
446	432
424	432
434	431
432	424
433	412
439	433
434	457
429	435
428	444
436	414
428	447
421	438
427	426
426	414
425	422
418	434
428	432
424	426
427	416
421	431
423	456
427	429
423	432
429	415
436	449
427	454
432	413
434	432
429	436
439	464
433	424
434	448
434	445
437	465
430	432
443	459
434	453
436	458
438	480
444	485
439	463
436	471
443	466
442	448
441	458
440	447
444	459
441	461
446	451
447	450
445	479
444	456
445	456
451	457
446	467
438	464
443	462
441	483
446	467
449	481
438	469
442	461
444	454
439	477
442	482
439	475
442	465
447	464
445	460
447	474
445	471
439	457
450	446
443	494
442	512
439	483
442	477
438	475
446	478
432	464
445	463
454	480
445	458
446	469
450	470
444	471
457	497
443	461
431	470
440	459
436	462
436	456
438	449
440	447
436	445
446	459
437	442
444	459
436	446
440	439
437	431
445	432
438	452
440	419
436	423
439	433
442	426
445	435
438	439
437	419
440	432
432	449
432	420
440	456
436	440
442	433
438	437
435	424
431	434
433	443
436	417
435	427
425	427
436	429
430	426
432	426
427	419
429	431
432	424
429	434
438	408
426	430
435	425
439	412
425	433
425	428
426	418
428	421
432	423
428	418
432	427
429	424
428	424
430	434
432	443
423	418
440	425
426	434
433	451
432	456
437	443
402	438
436	440
430	450
439	446
439	451
431	448
439	447
443	441
441	462
432	447
440	422
445	452
444	451
443	442
447	457
447	447
439	451
443	440
443	461
437	446
446	445
435	447
449	428
446	454
445	452
444	454
448	475
441	454
450	473
444	468
450	463
442	464
448	448
447	463
443	467
440	474
450	464
457	464
439	467
446	477
454	463
458	452
452	462
447	460
441	471
454	474
450	449
452	462
453	478
449	435
453	468
453	464
458	479
445	485
448	482
448	459
451	470
448	473
455	442
452	442
444	464
451	469
448	465
443	424
446	455
450	451
450	447
438	463
435	440
445	448
441	445
442	477
444	444
440	444
443	443
437	428
444	438
441	440
435	446
440	446
432	435
432	434
444	422
444	440
436	431
443	422
443	427
434	429
435	422
431	421
437	419
435	418
437	425
429	420
442	402
427	417
432	420
433	424
424	416
442	416
430	403
432	438
432	426
432	428
429	430
425	417
435	420
425	413
426	417
421	397
430	417
429	452
422	413
425	430
421	427
431	457
430	435
429	428
434	449
440	433
438	449
438	444
435	437
443	430
440	442
440	439
437	451
440	456
439	420
435	443
437	447
434	453
444	448
444	479
471	453
448	459
438	443
444	453
443	456
430	453
450	463
448	454
446	451
452	449
456	465
451	448
443	454
451	463
455	472
448	470
450	449
454	466
451	458
454	459
450	447
454	471
457	469
450	474
455	455
456	459
444	468
454	469
453	455
458	474
449	437
449	469
445	460
457	484
458	479
447	465
459	472
456	459
446	475
459	463
457	465
457	462
455	457
456	468
449	445
458	443
453	438
450	434
450	448
440	465
451	449
443	465
447	440
454	433
446	442
453	451
455	450
442	457
438	434
452	441
447	428
446	440
443	451
448	444
446	416
447	472
439	423
448	428
446	428
445	419
444	442
434	449
442	455
443	434
441	431
445	443
446	428
444	421
439	420
443	447
437	412
436	428
442	433
439	440
442	422
439	411
444	429
436	410
435	439
445	433
440	430
440	438
441	428
446	428
435	435
438	422
438	405
438	423
438	441
441	453
442	413
423	423
424	406
435	435
435	428
445	431
446	441
440	429
442	442
445	440
450	432
445	431
455	440
439	443
451	437
450	421
450	443
445	429
454	425
455	465
453	432
455	453
454	423
455	430
446	461
455	455
461	444
453	444
449	446
464	471
455	446
456	449
451	451
458	462
443	444
455	455
451	464
459	458
456	453
460	449
450	464
453	431
454	450
456	443
462	450
455	464
457	453
453	461
458	460
455	448
457	459
454	451
459	472
459	444
462	464
458	458
450	466
455	450
460	456
458	463
456	452
452	449
456	468
453	447
460	452
459	427
448	459
459	440
458	433
444	452
451	444
449	446
455	441
451	450
455	429
453	415
452	439
446	477
449	453
449	442
449	441
446	426
442	431
446	401
454	429
438	429
441	432
439	413
441	452
447	433
441	401
433	441
441	432
441	439
438	454
442	431
437	417
435	430
436	425
432	424
434	442
441	426
445	420
437	407
444	410
431	429
439	430
442	443
441	419
435	447
441	419
438	417
434	433
428	416
432	434
434	419
433	421
434	413
428	418
437	427
435	414
438	426
432	426
434	420
442	440
434	434
438	429
431	426
448	437
439	429
455	440
438	424
440	435
443	448
450	443
440	453
450	438
442	461
457	457
446	449
440	442
460	446
449	451
457	452
457	449
441	439
445	457
447	470
444	453
448	452
450	444
449	460
452	460
448	460
459	432
443	451
449	424
459	441
458	441
458	466
445	436
449	470
452	457
453	460
451	469
455	453
449	473
454	482
443	463
457	474
458	460
442	460
464	469
455	459
451	458
454	457
448	474
454	447
451	462
458	466
455	474
458	463
455	441
453	435
464	442
456	454
462	452
447	458
450	435
441	454
457	437
454	463
445	444
447	454
451	443
460	459
453	461
445	441
451	442
446	416
455	435
443	451
446	435
440	434
447	454
446	448
439	427
448	425
435	451
443	449
445	431
451	421
439	416
434	434
455	441
442	400
444	413
458	443
440	436
438	420
441	431
442	430
440	423
438	418
429	424
437	417
435	421
439	426
432	428
431	434
433	433
435	431
430	410
432	416
432	421
434	424
427	432
431	425
429	410
432	426
427	416
430	424
439	421
429	397
428	431
427	434
437	432
433	434
442	433
432	438
433	424
442	432
438	458
440	426
447	434
444	434
444	462
443	457
438	440
439	454
445	461
440	451
445	451
450	437
453	436
445	443
446	449
453	467
448	443
442	469
449	433
446	465
455	441
450	464
451	449
451	450
445	457
450	463
453	471
448	450
452	449
460	450
444	474
446	456
450	455
450	453
459	475
459	454
449	459
458	471
448	463
458	443
450	462
458	455
448	448
450	476
